<?xml version="1.0" encoding="UTF-8"?>
<!-- Generated by org.testng.reporters.JUnitReportReporter -->
<testsuite hostname="Subash-Lap" failures="0" tests="1" name="com.cpwplc.qa.testpage2.MyTrialTest1" time="0.000" errors="0" timestamp="13 Apr 2018 13:13:09 GMT" skipped="1">
  <testcase classname="com.cpwplc.qa.testpage2.MyTrialTest1" name="testsheet" time="0.000">
    <skipped/>
  </testcase> <!-- testsheet -->
</testsuite> <!-- com.cpwplc.qa.testpage2.MyTrialTest1 -->
