<?xml version="1.0" encoding="UTF-8"?>
<!-- Generated by org.testng.reporters.JUnitReportReporter -->
<testsuite skipped="0" hostname="DC102297" name="com.cpw.ews.qa.testcases.PayGPageTest" tests="1" failures="0" timestamp="10 May 2018 15:00:37 GMT" time="60.132" errors="0">
  <testcase name="navigate_to_PagG_from_homepage_and_verify_pagetitle" time="60.132" classname="com.cpw.ews.qa.testcases.PayGPageTest"/>
</testsuite> <!-- com.cpw.ews.qa.testcases.PayGPageTest -->
