<?xml version="1.0" encoding="UTF-8"?>
<!-- Generated by org.testng.reporters.JUnitReportReporter -->
<testsuite hostname="Subash-Lap" failures="0" tests="1" name="com.cpwplc.qa.testpage2.Testt" time="9.452" errors="0" timestamp="13 Apr 2018 14:41:00 GMT" skipped="0">
  <testcase classname="com.cpwplc.qa.testpage2.Testt" name="My_sample_test" time="9.452"/>
</testsuite> <!-- com.cpwplc.qa.testpage2.Testt -->
