<?xml version="1.0" encoding="UTF-8"?>
<!-- Generated by org.testng.reporters.JUnitReportReporter -->
<testsuite hostname="Subash-Lap" failures="0" tests="1" name="com.cpwplc.qa.testpage1.Testt" time="0.013" errors="0" timestamp="11 Apr 2018 14:50:43 GMT" skipped="0">
  <testcase classname="com.cpwplc.qa.testpage1.Testt" name="My_sample_test" time="0.013"/>
</testsuite> <!-- com.cpwplc.qa.testpage1.Testt -->
