<?xml version="1.0" encoding="UTF-8"?>
<!-- Generated by org.testng.reporters.JUnitReportReporter -->
<testsuite hostname="Subash-Lap" failures="0" tests="2" name="com.cpwplc.qa.testpage2.HomePageTest" time="18.137" errors="0" timestamp="13 Apr 2018 16:37:54 GMT" skipped="0">
  <testcase classname="com.cpwplc.qa.testpage2.HomePageTest" name="accept_cookie_test" time="8.973"/>
  <testcase classname="com.cpwplc.qa.testpage2.HomePageTest" name="navigate_to_mobile" time="9.164"/>
</testsuite> <!-- com.cpwplc.qa.testpage2.HomePageTest -->
